<?xml version="1.0" encoding="UTF-8"?>
<!-- Generated by org.testng.reporters.JUnitReportReporter -->
<testsuite skipped="0" hostname="SCULPTOR" name="BDDFramework.testng_Cucumber.TestRunner" tests="1" failures="0" timestamp="02 Dec 2018 04:55:06 GMT" time="14.192" errors="0">
  <testcase name="feature" time="14.192" classname="BDDFramework.testng_Cucumber.TestRunner"/>
</testsuite> <!-- BDDFramework.testng_Cucumber.TestRunner -->
